<?xml version="1.0" encoding="UTF-8"?>
<testng-results skipped="0" failed="0" total="1" passed="1">
  <reporter-output>
  </reporter-output>
  <suite name="Suite" duration-ms="23576" started-at="2018-09-13T06:10:42Z" finished-at="2018-09-13T06:11:06Z">
    <groups>
    </groups>
    <test name="Test" duration-ms="23576" started-at="2018-09-13T06:10:42Z" finished-at="2018-09-13T06:11:06Z">
      <class name="com.action.demo.NewTest">
        <test-method status="PASS" signature="beforeTest()[pri:0, instance:com.action.demo.NewTest@19dfb72a]" name="beforeTest" is-config="true" duration-ms="8635" started-at="2018-09-13T11:40:42Z" finished-at="2018-09-13T11:40:51Z">
          <reporter-output>
          </reporter-output>
        </test-method> <!-- beforeTest -->
        <test-method status="PASS" signature="test5()[pri:0, instance:com.action.demo.NewTest@19dfb72a]" name="test5" duration-ms="14909" started-at="2018-09-13T11:40:51Z" finished-at="2018-09-13T11:41:06Z">
          <reporter-output>
          </reporter-output>
        </test-method> <!-- test5 -->
        <test-method status="PASS" signature="afterTest()[pri:0, instance:com.action.demo.NewTest@19dfb72a]" name="afterTest" is-config="true" duration-ms="0" started-at="2018-09-13T11:41:06Z" finished-at="2018-09-13T11:41:06Z">
          <reporter-output>
          </reporter-output>
        </test-method> <!-- afterTest -->
      </class> <!-- com.action.demo.NewTest -->
    </test> <!-- Test -->
  </suite> <!-- Suite -->
</testng-results>
