<?xml version="1.0" encoding="UTF-8"?>
<testng-results skipped="0" failed="0" total="1" passed="1">
  <reporter-output>
  </reporter-output>
  <suite name="Suite" duration-ms="22555" started-at="2018-09-13T05:06:12Z" finished-at="2018-09-13T05:06:34Z">
    <groups>
    </groups>
    <test name="Test" duration-ms="22555" started-at="2018-09-13T05:06:12Z" finished-at="2018-09-13T05:06:34Z">
      <class name="com.action.demo.NewTest">
        <test-method status="PASS" signature="beforeTest()[pri:0, instance:com.action.demo.NewTest@3bfdc050]" name="beforeTest" is-config="true" duration-ms="8035" started-at="2018-09-13T10:36:12Z" finished-at="2018-09-13T10:36:20Z">
          <reporter-output>
          </reporter-output>
        </test-method> <!-- beforeTest -->
        <test-method status="PASS" signature="test5()[pri:0, instance:com.action.demo.NewTest@3bfdc050]" name="test5" duration-ms="14484" started-at="2018-09-13T10:36:20Z" finished-at="2018-09-13T10:36:34Z">
          <reporter-output>
          </reporter-output>
        </test-method> <!-- test5 -->
        <test-method status="PASS" signature="afterTest()[pri:0, instance:com.action.demo.NewTest@3bfdc050]" name="afterTest" is-config="true" duration-ms="2" started-at="2018-09-13T10:36:34Z" finished-at="2018-09-13T10:36:34Z">
          <reporter-output>
          </reporter-output>
        </test-method> <!-- afterTest -->
      </class> <!-- com.action.demo.NewTest -->
    </test> <!-- Test -->
  </suite> <!-- Suite -->
</testng-results>
